<?xml version="1.0" encoding="UTF-8"?>
<testng-results ignored="0" total="1" passed="1" failed="0" skipped="0">
  <reporter-output>
  </reporter-output>
  <suite started-at="2019-02-13T09:57:53Z" name="Default suite" finished-at="2019-02-13T09:57:54Z" duration-ms="1307">
    <groups>
      <group name="cucumber">
        <method signature="AbstractTestNGCucumberTests.feature(cucumber.api.testng.CucumberFeatureWrapper)[pri:0, instance:runner.RunnerTest@68e965f5]" name="feature" class="cucumber.api.testng.AbstractTestNGCucumberTests"/>
      </group> <!-- cucumber -->
    </groups>
    <test started-at="2019-02-13T09:57:53Z" name="Default test" finished-at="2019-02-13T09:57:54Z" duration-ms="1307">
      <class name="runner.RunnerTest">
        <test-method is-config="true" signature="setUpClass()[pri:0, instance:runner.RunnerTest@68e965f5]" started-at="2019-02-13T09:57:53Z" name="setUpClass" finished-at="2019-02-13T09:57:53Z" duration-ms="296" status="PASS">
          <reporter-output>
          </reporter-output>
        </test-method> <!-- setUpClass -->
        <test-method signature="feature(cucumber.api.testng.CucumberFeatureWrapper)[pri:0, instance:runner.RunnerTest@68e965f5]" started-at="2019-02-13T09:57:53Z" name="feature" description="Runs Cucumber Feature" data-provider="features" finished-at="2019-02-13T09:57:54Z" duration-ms="463" status="PASS">
          <params>
            <param index="0">
              <value>
                <![CDATA[Login Functionality]]>
              </value>
            </param>
          </params>
          <reporter-output>
          </reporter-output>
        </test-method> <!-- feature -->
        <test-method is-config="true" signature="tearDownClass()[pri:0, instance:runner.RunnerTest@68e965f5]" started-at="2019-02-13T09:57:54Z" name="tearDownClass" finished-at="2019-02-13T09:57:54Z" duration-ms="407" status="PASS">
          <reporter-output>
          </reporter-output>
        </test-method> <!-- tearDownClass -->
      </class> <!-- runner.RunnerTest -->
    </test> <!-- Default test -->
  </suite> <!-- Default suite -->
</testng-results>
